<?xml version="1.0" encoding="UTF-8"?>
<testsuite xmlns:xsi="http://www.w3.org/2001/XMLSchema-instance" xsi:noNamespaceSchemaLocation="https://maven.apache.org/surefire/maven-surefire-plugin/xsd/surefire-test-report.xsd" version="3.0.2" name="com.orionticket.acesscontrol.infrastructure.adapters.in.rest.ValidationControllerTest" time="53.394" tests="3" errors="0" skipped="0" failures="0" flakes="0">
  <properties>
[...]
</properties>
  <testcase name="validateTicket_shouldReturn422_whenMissingFields" classname="com.orionticket.acesscontrol.infrastructure.adapters.in.rest.ValidationControllerTest" time="0.425">
    <system-out><![CDATA[
  .   ____          _            __ _ _
 /\\ / ___'_ __ _ _(_)_ __  __ _ \ \ \ \
( ( )\___ | '_ | '_| | '_ \/ _` | \ \ \ \
 \\/  ___)| |_)| | | | | || (_| |  ) ) ) )
  '  |____| .__|_| |_|_| |_\__, | / / / /
 =========|_|==============|___/=/_/_/_/

 :: Spring Boot ::               (v3.5.14)

2026-05-08T18:51:12.063-06:00  INFO 81307 --- [accesscontrol-test] [           main] c.o.a.i.a.i.r.ValidationControllerTest   : Starting ValidationControllerTest using Java 21.0.10 with PID 81307 (started by alexavers in /home/alexavers/projects/orionticket/acesscontrol-service)
2026-05-08T18:51:12.066-06:00 DEBUG 81307 --- [accesscontrol-test] [           main] c.o.a.i.a.i.r.ValidationControllerTest   : Running with Spring Boot v3.5.14, Spring v6.2.18
2026-05-08T18:51:12.067-06:00  INFO 81307 --- [accesscontrol-test] [           main] c.o.a.i.a.i.r.ValidationControllerTest   : The following 1 profile is active: "test"
2026-05-08T18:51:15.101-06:00  INFO 81307 --- [accesscontrol-test] [           main] .s.d.r.c.RepositoryConfigurationDelegate : Bootstrapping Spring Data JPA repositories in DEFAULT mode.
2026-05-08T18:51:15.429-06:00  INFO 81307 --- [accesscontrol-test] [           main] .s.d.r.c.RepositoryConfigurationDelegate : Finished Spring Data repository scanning in 308 ms. Found 1 JPA repository interface.
2026-05-08T18:51:19.229-06:00  INFO 81307 --- [accesscontrol-test] [           main] org.testcontainers.images.PullPolicy     : Image pull policy will be performed by: DefaultPullPolicy()
2026-05-08T18:51:19.240-06:00  INFO 81307 --- [accesscontrol-test] [           main] o.t.utility.ImageNameSubstitutor         : Image name substitution will be performed by: DefaultImageNameSubstitutor (composite of 'ConfigurationFileImageNameSubstitutor' and 'PrefixingImageNameSubstitutor')
2026-05-08T18:51:19.447-06:00  INFO 81307 --- [accesscontrol-test] [           main] org.testcontainers.DockerClientFactory   : Testcontainers version: 1.21.4
2026-05-08T18:51:19.952-06:00  INFO 81307 --- [accesscontrol-test] [           main] o.t.d.DockerClientProviderStrategy       : Loaded org.testcontainers.dockerclient.UnixSocketClientProviderStrategy from ~/.testcontainers.properties, will try it first
2026-05-08T18:51:20.811-06:00  INFO 81307 --- [accesscontrol-test] [           main] o.t.d.DockerClientProviderStrategy       : Found Docker environment with local Unix socket (unix:///var/run/docker.sock)
2026-05-08T18:51:20.816-06:00  INFO 81307 --- [accesscontrol-test] [           main] org.testcontainers.DockerClientFactory   : Docker host IP address is localhost
2026-05-08T18:51:20.883-06:00  INFO 81307 --- [accesscontrol-test] [           main] org.testcontainers.DockerClientFactory   : Connected to docker: 
  Server Version: 28.3.2
  API Version: 1.51
  Operating System: Docker Desktop
  Total Memory: 2908 MB
  Labels: 
    com.docker.desktop.address=unix:///var/run/docker-cli.sock
2026-05-08T18:51:21.210-06:00  INFO 81307 --- [accesscontrol-test] [           main] tc.testcontainers/ryuk:0.12.0            : Creating container for image: testcontainers/ryuk:0.12.0
2026-05-08T18:51:22.064-06:00  INFO 81307 --- [accesscontrol-test] [           main] tc.testcontainers/ryuk:0.12.0            : Container testcontainers/ryuk:0.12.0 is starting: 38b5032790d5a38ad3058083a75f6052d9828b1a278e391b40e7770a437f5e53
2026-05-08T18:51:23.064-06:00  INFO 81307 --- [accesscontrol-test] [           main] tc.testcontainers/ryuk:0.12.0            : Container testcontainers/ryuk:0.12.0 started in PT1.854131049S
2026-05-08T18:51:23.084-06:00  INFO 81307 --- [accesscontrol-test] [           main] o.t.utility.RyukResourceReaper           : Ryuk started - will monitor and terminate Testcontainers containers on JVM exit
2026-05-08T18:51:23.084-06:00  INFO 81307 --- [accesscontrol-test] [           main] org.testcontainers.DockerClientFactory   : Checking the system...
2026-05-08T18:51:23.085-06:00  INFO 81307 --- [accesscontrol-test] [           main] org.testcontainers.DockerClientFactory   : ✔︎ Docker server version should be at least 1.6.0
2026-05-08T18:51:23.087-06:00  INFO 81307 --- [accesscontrol-test] [           main] tc.rabbitmq:3-management-alpine          : Creating container for image: rabbitmq:3-management-alpine
2026-05-08T18:51:23.335-06:00  INFO 81307 --- [accesscontrol-test] [           main] tc.rabbitmq:3-management-alpine          : Container rabbitmq:3-management-alpine is starting: 9aaefab5c16ae1f447d0b7092a99a41bc6550704ef37db434b695136ab99c7e8
2026-05-08T18:51:42.608-06:00  INFO 81307 --- [accesscontrol-test] [           main] tc.rabbitmq:3-management-alpine          : Container rabbitmq:3-management-alpine started in PT19.521201906S
2026-05-08T18:51:42.612-06:00  INFO 81307 --- [accesscontrol-test] [           main] tc.postgres:16-alpine                    : Creating container for image: postgres:16-alpine
2026-05-08T18:51:42.882-06:00  INFO 81307 --- [accesscontrol-test] [           main] tc.postgres:16-alpine                    : Container postgres:16-alpine is starting: 00cacfa4d220e3c8042f589f326f83b152de37933414948dc906be065cab8446
2026-05-08T18:51:47.366-06:00  INFO 81307 --- [accesscontrol-test] [           main] tc.postgres:16-alpine                    : Container postgres:16-alpine started in PT4.75449025S
2026-05-08T18:51:47.368-06:00  INFO 81307 --- [accesscontrol-test] [           main] tc.postgres:16-alpine                    : Container is started (JDBC URL: jdbc:postgresql://localhost:52985/accesscontrol_test?loggerLevel=OFF)
2026-05-08T18:51:48.696-06:00  INFO 81307 --- [accesscontrol-test] [           main] org.flywaydb.core.FlywayExecutor         : Database: jdbc:postgresql://localhost:52985/accesscontrol_test?loggerLevel=OFF (PostgreSQL 16.13)
2026-05-08T18:51:48.834-06:00  INFO 81307 --- [accesscontrol-test] [           main] o.f.c.i.s.JdbcTableSchemaHistory         : Schema history table "public"."flyway_schema_history" does not exist yet
2026-05-08T18:51:48.845-06:00  INFO 81307 --- [accesscontrol-test] [           main] o.f.core.internal.command.DbValidate     : Successfully validated 1 migration (execution time 00:00.060s)
2026-05-08T18:51:48.897-06:00  INFO 81307 --- [accesscontrol-test] [           main] o.f.c.i.s.JdbcTableSchemaHistory         : Creating Schema History table "public"."flyway_schema_history" ...
2026-05-08T18:51:49.197-06:00  INFO 81307 --- [accesscontrol-test] [           main] o.f.core.internal.command.DbMigrate      : Current version of schema "public": << Empty Schema >>
2026-05-08T18:51:49.244-06:00  INFO 81307 --- [accesscontrol-test] [           main] o.f.core.internal.command.DbMigrate      : Migrating schema "public" to version "1 - create validation record"
2026-05-08T18:51:49.346-06:00  INFO 81307 --- [accesscontrol-test] [           main] o.f.core.internal.command.DbMigrate      : Successfully applied 1 migration to schema "public", now at version v1 (execution time 00:00.052s)
2026-05-08T18:51:49.565-06:00  INFO 81307 --- [accesscontrol-test] [           main] com.zaxxer.hikari.HikariDataSource       : HikariPool-1 - Starting...
2026-05-08T18:51:49.617-06:00  INFO 81307 --- [accesscontrol-test] [           main] com.zaxxer.hikari.pool.HikariPool        : HikariPool-1 - Added connection org.postgresql.jdbc.PgConnection@4d37c996
2026-05-08T18:51:49.620-06:00  INFO 81307 --- [accesscontrol-test] [           main] com.zaxxer.hikari.HikariDataSource       : HikariPool-1 - Start completed.
2026-05-08T18:51:49.705-06:00  INFO 81307 --- [accesscontrol-test] [           main] o.hibernate.jpa.internal.util.LogHelper  : HHH000204: Processing PersistenceUnitInfo [name: default]
2026-05-08T18:51:49.899-06:00  INFO 81307 --- [accesscontrol-test] [           main] org.hibernate.Version                    : HHH000412: Hibernate ORM core version 6.6.49.Final
2026-05-08T18:51:50.009-06:00  INFO 81307 --- [accesscontrol-test] [           main] o.h.c.internal.RegionFactoryInitiator    : HHH000026: Second-level cache disabled
2026-05-08T18:51:50.372-06:00  INFO 81307 --- [accesscontrol-test] [           main] o.s.o.j.p.SpringPersistenceUnitInfo      : No LoadTimeWeaver setup: ignoring JPA class transformer
2026-05-08T18:51:50.565-06:00  INFO 81307 --- [accesscontrol-test] [           main] org.hibernate.orm.connections.pooling    : HHH10001005: Database info:
	Database JDBC URL [Connecting through datasource 'HikariDataSource (HikariPool-1)']
	Database driver: undefined/unknown
	Database version: 16.13
	Autocommit mode: undefined/unknown
	Isolation level: undefined/unknown
	Minimum pool size: undefined/unknown
	Maximum pool size: undefined/unknown
2026-05-08T18:51:52.516-06:00  INFO 81307 --- [accesscontrol-test] [           main] o.h.e.t.j.p.i.JtaPlatformInitiator       : HHH000489: No JTA platform available (set 'hibernate.transaction.jta.platform' to enable JTA platform integration)
2026-05-08T18:51:52.525-06:00  INFO 81307 --- [accesscontrol-test] [           main] j.LocalContainerEntityManagerFactoryBean : Initialized JPA EntityManagerFactory for persistence unit 'default'
2026-05-08T18:51:54.506-06:00  WARN 81307 --- [accesscontrol-test] [           main] JpaBaseConfiguration$JpaWebConfiguration : spring.jpa.open-in-view is enabled by default. Therefore, database queries may be performed during view rendering. Explicitly configure spring.jpa.open-in-view to disable this warning
2026-05-08T18:51:56.901-06:00  INFO 81307 --- [accesscontrol-test] [           main] o.s.b.a.e.web.EndpointLinksResolver      : Exposing 1 endpoint beneath base path '/actuator'
2026-05-08T18:52:01.830-06:00  INFO 81307 --- [accesscontrol-test] [           main] o.s.b.t.m.w.SpringBootMockServletContext : Initializing Spring TestDispatcherServlet ''
2026-05-08T18:52:01.831-06:00  INFO 81307 --- [accesscontrol-test] [           main] o.s.t.web.servlet.TestDispatcherServlet  : Initializing Servlet ''
2026-05-08T18:52:01.835-06:00  INFO 81307 --- [accesscontrol-test] [           main] o.s.t.web.servlet.TestDispatcherServlet  : Completed initialization in 3 ms
2026-05-08T18:52:02.180-06:00  INFO 81307 --- [accesscontrol-test] [           main] c.o.a.i.a.i.r.ValidationControllerTest   : Started ValidationControllerTest in 50.893 seconds (process running for 54.755)
2026-05-08T18:52:02.453-06:00  INFO 81307 --- [accesscontrol-test] [           main] o.s.b.t.m.w.SpringBootMockServletContext : Initializing Spring TestDispatcherServlet ''
2026-05-08T18:52:02.453-06:00  INFO 81307 --- [accesscontrol-test] [           main] o.s.t.web.servlet.TestDispatcherServlet  : Initializing Servlet ''
2026-05-08T18:52:02.457-06:00  INFO 81307 --- [accesscontrol-test] [           main] o.s.t.web.servlet.TestDispatcherServlet  : Completed initialization in 4 ms
2026-05-08T18:52:02.474-06:00  WARN 81307 --- [accesscontrol-test] [           main] o.s.w.s.h.HandlerMappingIntrospector     : Cache miss for REQUEST dispatch to '/v1/validations' (previous null). Performing MatchableHandlerMapping lookup. This is logged once only at WARN level, and every time at TRACE.
2026-05-08T18:52:02.745-06:00  WARN 81307 --- [accesscontrol-test] [           main] c.o.a.i.a.i.r.e.GlobalExceptionHandler   : Validation failed: {eventId=must not be null, dateId=must not be null, ticketId=must not be null}
]]></system-out>
    <system-err><![CDATA[Mockito is currently self-attaching to enable the inline-mock-maker. This will no longer work in future releases of the JDK. Please add Mockito as an agent to your build as described in Mockito's documentation: https://javadoc.io/doc/org.mockito/mockito-core/latest/org.mockito/org/mockito/Mockito.html#0.3
WARNING: A Java agent has been loaded dynamically (/home/alexavers/.m2/repository/net/bytebuddy/byte-buddy-agent/1.17.8/byte-buddy-agent-1.17.8.jar)
WARNING: If a serviceability tool is in use, please run with -XX:+EnableDynamicAgentLoading to hide this warning
WARNING: If a serviceability tool is not in use, please run with -Djdk.instrument.traceUsage for more information
WARNING: Dynamic loading of agents will be disallowed by default in a future release
]]></system-err>
  </testcase>
  <testcase name="validateTicket_shouldReturnMockResponse" classname="com.orionticket.acesscontrol.infrastructure.adapters.in.rest.ValidationControllerTest" time="0.636">
    <system-out><![CDATA[2026-05-08T18:52:02.835-06:00  INFO 81307 --- [accesscontrol-test] [           main] o.s.b.t.m.w.SpringBootMockServletContext : Initializing Spring TestDispatcherServlet ''
2026-05-08T18:52:02.835-06:00  INFO 81307 --- [accesscontrol-test] [           main] o.s.t.web.servlet.TestDispatcherServlet  : Initializing Servlet ''
2026-05-08T18:52:02.838-06:00  INFO 81307 --- [accesscontrol-test] [           main] o.s.t.web.servlet.TestDispatcherServlet  : Completed initialization in 2 ms
2026-05-08T18:52:02.901-06:00  INFO 81307 --- [accesscontrol-test] [           main] c.o.a.a.s.ValidationApplicationService   : Received validation request: ticketId=9ca8115d-2b24-4bed-8123-ed7594e71885, device=device-001, eventId=ecf8d687-bbaa-4e3d-82ab-9047721ae136, dateId=460f2b1e-b3e9-439e-b485-9f7b08f9acb1
2026-05-08T18:52:03.347-06:00  INFO 81307 --- [accesscontrol-test] [           main] c.o.a.i.a.o.m.ValidationEventPublisher   : Publishing ValidationRecord event: validationId=8a3f4071-ebb2-419f-b157-f54fde4e6ab5, ticketId=9ca8115d-2b24-4bed-8123-ed7594e71885, result=SUCCEEDED
]]></system-out>
  </testcase>
  <testcase name="syncValidations_shouldReturnMockResponse" classname="com.orionticket.acesscontrol.infrastructure.adapters.in.rest.ValidationControllerTest" time="0.161">
    <system-out><![CDATA[2026-05-08T18:52:03.475-06:00  INFO 81307 --- [accesscontrol-test] [           main] o.s.b.t.m.w.SpringBootMockServletContext : Initializing Spring TestDispatcherServlet ''
2026-05-08T18:52:03.476-06:00  INFO 81307 --- [accesscontrol-test] [           main] o.s.t.web.servlet.TestDispatcherServlet  : Initializing Servlet ''
2026-05-08T18:52:03.480-06:00  INFO 81307 --- [accesscontrol-test] [           main] o.s.t.web.servlet.TestDispatcherServlet  : Completed initialization in 4 ms
2026-05-08T18:52:03.604-06:00  INFO 81307 --- [accesscontrol-test] [           main] c.o.a.a.service.OfflineSyncService       : Received offline sync: device=device-001, eventId=f48fc928-0b30-4f01-b939-f7ca57233a37, dateId=5063a297-10ab-4691-b1ef-23871b09d4e5, records=2
]]></system-out>
  </testcase>
</testsuite>