<?xml version="1.0" encoding="UTF-8"?>
<testsuite xmlns:xsi="http://www.w3.org/2001/XMLSchema-instance" xsi:noNamespaceSchemaLocation="https://maven.apache.org/surefire/maven-surefire-plugin/xsd/surefire-test-report.xsd" version="3.0.2" name="com.orionticket.acesscontrol.infrastructure.adapters.out.persistence.ValidationRecordRepositoryTest" time="32.397" tests="4" errors="0" skipped="0" failures="0" flakes="0">
  <properties>
[...]
</properties>
  <testcase name="saveAll_shouldPersistMultiple" classname="com.orionticket.acesscontrol.infrastructure.adapters.out.persistence.ValidationRecordRepositoryTest" time="0.292">
    <system-out><![CDATA[
  .   ____          _            __ _ _
 /\\ / ___'_ __ _ _(_)_ __  __ _ \ \ \ \
( ( )\___ | '_ | '_| | '_ \/ _` | \ \ \ \
 \\/  ___)| |_)| | | | | || (_| |  ) ) ) )
  '  |____| .__|_| |_|_| |_\__, | / / / /
 =========|_|==============|___/=/_/_/_/

 :: Spring Boot ::               (v3.5.14)

2026-05-08T18:52:03.718-06:00  INFO 81307 --- [accesscontrol-test] [           main] a.i.a.o.p.ValidationRecordRepositoryTest : Starting ValidationRecordRepositoryTest using Java 21.0.10 with PID 81307 (started by alexavers in /home/alexavers/projects/orionticket/acesscontrol-service)
2026-05-08T18:52:03.718-06:00 DEBUG 81307 --- [accesscontrol-test] [           main] a.i.a.o.p.ValidationRecordRepositoryTest : Running with Spring Boot v3.5.14, Spring v6.2.18
2026-05-08T18:52:03.719-06:00  INFO 81307 --- [accesscontrol-test] [           main] a.i.a.o.p.ValidationRecordRepositoryTest : The following 1 profile is active: "test"
2026-05-08T18:52:04.595-06:00  INFO 81307 --- [accesscontrol-test] [           main] .s.d.r.c.RepositoryConfigurationDelegate : Bootstrapping Spring Data JPA repositories in DEFAULT mode.
2026-05-08T18:52:04.625-06:00  INFO 81307 --- [accesscontrol-test] [           main] .s.d.r.c.RepositoryConfigurationDelegate : Finished Spring Data repository scanning in 27 ms. Found 1 JPA repository interface.
2026-05-08T18:52:04.964-06:00  INFO 81307 --- [accesscontrol-test] [           main] tc.rabbitmq:3-management-alpine          : Creating container for image: rabbitmq:3-management-alpine
2026-05-08T18:52:05.257-06:00  INFO 81307 --- [accesscontrol-test] [           main] tc.rabbitmq:3-management-alpine          : Container rabbitmq:3-management-alpine is starting: 64702a8b1e2f29891dca4c702f98c6b8dedfefab838521719bee053a67cb398d
2026-05-08T18:52:25.987-06:00  INFO 81307 --- [accesscontrol-test] [           main] tc.rabbitmq:3-management-alpine          : Container rabbitmq:3-management-alpine started in PT21.022131602S
2026-05-08T18:52:25.988-06:00  INFO 81307 --- [accesscontrol-test] [           main] tc.postgres:16-alpine                    : Creating container for image: postgres:16-alpine
2026-05-08T18:52:26.208-06:00  INFO 81307 --- [accesscontrol-test] [           main] tc.postgres:16-alpine                    : Container postgres:16-alpine is starting: b9f71c9ad66b10273bc40ec7852326409fbdb16bdc376795071d22d16fca49a3
2026-05-08T18:52:30.161-06:00  INFO 81307 --- [accesscontrol-test] [           main] tc.postgres:16-alpine                    : Container postgres:16-alpine started in PT4.17290767S
2026-05-08T18:52:30.161-06:00  INFO 81307 --- [accesscontrol-test] [           main] tc.postgres:16-alpine                    : Container is started (JDBC URL: jdbc:postgresql://localhost:60634/accesscontrol_test?loggerLevel=OFF)
2026-05-08T18:52:30.533-06:00  INFO 81307 --- [accesscontrol-test] [           main] org.flywaydb.core.FlywayExecutor         : Database: jdbc:postgresql://localhost:60634/accesscontrol_test?loggerLevel=OFF (PostgreSQL 16.13)
2026-05-08T18:52:30.562-06:00  INFO 81307 --- [accesscontrol-test] [           main] o.f.c.i.s.JdbcTableSchemaHistory         : Schema history table "public"."flyway_schema_history" does not exist yet
2026-05-08T18:52:30.564-06:00  INFO 81307 --- [accesscontrol-test] [           main] o.f.core.internal.command.DbValidate     : Successfully validated 1 migration (execution time 00:00.008s)
2026-05-08T18:52:30.588-06:00  INFO 81307 --- [accesscontrol-test] [           main] o.f.c.i.s.JdbcTableSchemaHistory         : Creating Schema History table "public"."flyway_schema_history" ...
2026-05-08T18:52:30.649-06:00  INFO 81307 --- [accesscontrol-test] [           main] o.f.core.internal.command.DbMigrate      : Current version of schema "public": << Empty Schema >>
2026-05-08T18:52:30.659-06:00  INFO 81307 --- [accesscontrol-test] [           main] o.f.core.internal.command.DbMigrate      : Migrating schema "public" to version "1 - create validation record"
2026-05-08T18:52:30.709-06:00  INFO 81307 --- [accesscontrol-test] [           main] o.f.core.internal.command.DbMigrate      : Successfully applied 1 migration to schema "public", now at version v1 (execution time 00:00.033s)
2026-05-08T18:52:30.829-06:00  INFO 81307 --- [accesscontrol-test] [           main] com.zaxxer.hikari.HikariDataSource       : HikariPool-2 - Starting...
2026-05-08T18:52:30.852-06:00  INFO 81307 --- [accesscontrol-test] [           main] com.zaxxer.hikari.pool.HikariPool        : HikariPool-2 - Added connection org.postgresql.jdbc.PgConnection@587f24d8
2026-05-08T18:52:30.852-06:00  INFO 81307 --- [accesscontrol-test] [           main] com.zaxxer.hikari.HikariDataSource       : HikariPool-2 - Start completed.
2026-05-08T18:52:30.854-06:00  INFO 81307 --- [accesscontrol-test] [           main] o.hibernate.jpa.internal.util.LogHelper  : HHH000204: Processing PersistenceUnitInfo [name: default]
2026-05-08T18:52:30.860-06:00  INFO 81307 --- [accesscontrol-test] [           main] o.h.c.internal.RegionFactoryInitiator    : HHH000026: Second-level cache disabled
2026-05-08T18:52:30.878-06:00  INFO 81307 --- [accesscontrol-test] [           main] o.s.o.j.p.SpringPersistenceUnitInfo      : No LoadTimeWeaver setup: ignoring JPA class transformer
2026-05-08T18:52:30.893-06:00  INFO 81307 --- [accesscontrol-test] [           main] org.hibernate.orm.connections.pooling    : HHH10001005: Database info:
	Database JDBC URL [Connecting through datasource 'HikariDataSource (HikariPool-2)']
	Database driver: undefined/unknown
	Database version: 16.13
	Autocommit mode: undefined/unknown
	Isolation level: undefined/unknown
	Minimum pool size: undefined/unknown
	Maximum pool size: undefined/unknown
2026-05-08T18:52:30.969-06:00  INFO 81307 --- [accesscontrol-test] [           main] o.h.e.t.j.p.i.JtaPlatformInitiator       : HHH000489: No JTA platform available (set 'hibernate.transaction.jta.platform' to enable JTA platform integration)
2026-05-08T18:52:30.970-06:00  INFO 81307 --- [accesscontrol-test] [           main] j.LocalContainerEntityManagerFactoryBean : Initialized JPA EntityManagerFactory for persistence unit 'default'
2026-05-08T18:52:31.953-06:00  WARN 81307 --- [accesscontrol-test] [           main] JpaBaseConfiguration$JpaWebConfiguration : spring.jpa.open-in-view is enabled by default. Therefore, database queries may be performed during view rendering. Explicitly configure spring.jpa.open-in-view to disable this warning
2026-05-08T18:52:32.787-06:00  INFO 81307 --- [accesscontrol-test] [           main] o.s.b.a.e.web.EndpointLinksResolver      : Exposing 1 endpoint beneath base path '/actuator'
2026-05-08T18:52:35.442-06:00  INFO 81307 --- [accesscontrol-test] [           main] o.s.b.t.m.w.SpringBootMockServletContext : Initializing Spring TestDispatcherServlet ''
2026-05-08T18:52:35.443-06:00  INFO 81307 --- [accesscontrol-test] [           main] o.s.t.web.servlet.TestDispatcherServlet  : Initializing Servlet ''
2026-05-08T18:52:35.445-06:00  INFO 81307 --- [accesscontrol-test] [           main] o.s.t.web.servlet.TestDispatcherServlet  : Completed initialization in 2 ms
2026-05-08T18:52:35.532-06:00  INFO 81307 --- [accesscontrol-test] [           main] a.i.a.o.p.ValidationRecordRepositoryTest : Started ValidationRecordRepositoryTest in 31.864 seconds (process running for 88.717)
2026-05-08T18:52:35.553-06:00  INFO 81307 --- [accesscontrol-test] [           main] o.s.b.t.m.w.SpringBootMockServletContext : Initializing Spring TestDispatcherServlet ''
2026-05-08T18:52:35.554-06:00  INFO 81307 --- [accesscontrol-test] [           main] o.s.t.web.servlet.TestDispatcherServlet  : Initializing Servlet ''
2026-05-08T18:52:35.557-06:00  INFO 81307 --- [accesscontrol-test] [           main] o.s.t.web.servlet.TestDispatcherServlet  : Completed initialization in 3 ms
]]></system-out>
  </testcase>
  <testcase name="findFirstByTicketIdAndResult_shouldFindExisting" classname="com.orionticket.acesscontrol.infrastructure.adapters.out.persistence.ValidationRecordRepositoryTest" time="0.116">
    <system-out><![CDATA[2026-05-08T18:52:35.841-06:00  INFO 81307 --- [accesscontrol-test] [           main] o.s.b.t.m.w.SpringBootMockServletContext : Initializing Spring TestDispatcherServlet ''
2026-05-08T18:52:35.841-06:00  INFO 81307 --- [accesscontrol-test] [           main] o.s.t.web.servlet.TestDispatcherServlet  : Initializing Servlet ''
2026-05-08T18:52:35.843-06:00  INFO 81307 --- [accesscontrol-test] [           main] o.s.t.web.servlet.TestDispatcherServlet  : Completed initialization in 2 ms
]]></system-out>
  </testcase>
  <testcase name="findByEventIdAndDateId_shouldFindRecords" classname="com.orionticket.acesscontrol.infrastructure.adapters.out.persistence.ValidationRecordRepositoryTest" time="0.043">
    <system-out><![CDATA[2026-05-08T18:52:35.964-06:00  INFO 81307 --- [accesscontrol-test] [           main] o.s.b.t.m.w.SpringBootMockServletContext : Initializing Spring TestDispatcherServlet ''
2026-05-08T18:52:35.964-06:00  INFO 81307 --- [accesscontrol-test] [           main] o.s.t.web.servlet.TestDispatcherServlet  : Initializing Servlet ''
2026-05-08T18:52:35.968-06:00  INFO 81307 --- [accesscontrol-test] [           main] o.s.t.web.servlet.TestDispatcherServlet  : Completed initialization in 3 ms
]]></system-out>
  </testcase>
  <testcase name="save_shouldPersistAndRetrieve" classname="com.orionticket.acesscontrol.infrastructure.adapters.out.persistence.ValidationRecordRepositoryTest" time="0.035">
    <system-out><![CDATA[2026-05-08T18:52:36.011-06:00  INFO 81307 --- [accesscontrol-test] [           main] o.s.b.t.m.w.SpringBootMockServletContext : Initializing Spring TestDispatcherServlet ''
2026-05-08T18:52:36.012-06:00  INFO 81307 --- [accesscontrol-test] [           main] o.s.t.web.servlet.TestDispatcherServlet  : Initializing Servlet ''
2026-05-08T18:52:36.016-06:00  INFO 81307 --- [accesscontrol-test] [           main] o.s.t.web.servlet.TestDispatcherServlet  : Completed initialization in 4 ms
]]></system-out>
  </testcase>
</testsuite>