<?xml version="1.0" encoding="UTF-8"?>
<testsuite xmlns:xsi="http://www.w3.org/2001/XMLSchema-instance" xsi:noNamespaceSchemaLocation="https://maven.apache.org/surefire/maven-surefire-plugin/xsd/surefire-test-report-3.0.xsd" version="3.0" name="com.orionticket.events.infrastructure.EventManagementIntegrationTest" time="2.433" tests="8" errors="0" skipped="0" failures="0">
  <properties>
[...]
</properties>
  <testcase name="shouldApproveEvent" classname="com.orionticket.events.infrastructure.EventManagementIntegrationTest" time="0.444">
    <system-out><![CDATA[2026-05-08 15:10:52.103 [main] INFO  [NO_CORRELATION] o.s.t.c.s.AnnotationConfigContextLoaderUtils - Could not detect default configuration classes for test class [com.orionticket.events.infrastructure.EventManagementIntegrationTest]: EventManagementIntegrationTest does not declare any static, non-private, non-final, nested classes annotated with @Configuration.
2026-05-08 15:10:52.129 [main] INFO  [NO_CORRELATION] o.s.b.t.c.SpringBootTestContextBootstrapper - Found @SpringBootConfiguration com.orionticket.events.EventManagementServiceApplication for test class com.orionticket.events.infrastructure.EventManagementIntegrationTest
  .   ____          _            __ _ _
 /\\ / ___'_ __ _ _(_)_ __  __ _ \ \ \ \
( ( )\___ | '_ | '_| | '_ \/ _` | \ \ \ \
 \\/  ___)| |_)| | | | | || (_| |  ) ) ) )
  '  |____| .__|_| |_|_| |_\__, | / / / /
 =========|_|==============|___/=/_/_/_/

 :: Spring Boot ::                (v3.3.0)

2026-05-08 15:10:52.174 [main] INFO  [NO_CORRELATION] c.o.e.i.EventManagementIntegrationTest - Starting EventManagementIntegrationTest using Java 21.0.11 with PID 33624 (started by 20041 in C:\Users\20041\OneDrive\Documentos\GitHub\orionticket\event-management-service)
2026-05-08 15:10:52.174 [main] INFO  [NO_CORRELATION] c.o.e.i.EventManagementIntegrationTest - The following 1 profile is active: "test"
2026-05-08 15:10:52.655 [main] INFO  [NO_CORRELATION] o.s.d.r.c.RepositoryConfigurationDelegate - Bootstrapping Spring Data JPA repositories in DEFAULT mode.
2026-05-08 15:10:52.675 [main] INFO  [NO_CORRELATION] o.s.d.r.c.RepositoryConfigurationDelegate - Finished Spring Data repository scanning in 19 ms. Found 2 JPA repository interfaces.
2026-05-08 15:10:52.874 [main] INFO  [NO_CORRELATION] org.flywaydb.core.FlywayExecutor - Database: jdbc:postgresql://localhost:5434/event_management_db (PostgreSQL 16.13)
2026-05-08 15:10:52.912 [main] INFO  [NO_CORRELATION] o.f.core.internal.command.DbValidate - Successfully validated 4 migrations (execution time 00:00.019s)
2026-05-08 15:10:52.952 [main] INFO  [NO_CORRELATION] o.f.core.internal.command.DbMigrate - Current version of schema "public": 4
2026-05-08 15:10:52.954 [main] INFO  [NO_CORRELATION] o.f.core.internal.command.DbMigrate - Schema "public" is up to date. No migration necessary.
2026-05-08 15:10:52.989 [main] INFO  [NO_CORRELATION] o.h.jpa.internal.util.LogHelper - HHH000204: Processing PersistenceUnitInfo [name: default]
2026-05-08 15:10:52.992 [main] INFO  [NO_CORRELATION] o.h.c.i.RegionFactoryInitiator - HHH000026: Second-level cache disabled
2026-05-08 15:10:53.005 [main] INFO  [NO_CORRELATION] o.s.o.j.p.SpringPersistenceUnitInfo - No LoadTimeWeaver setup: ignoring JPA class transformer
2026-05-08 15:10:53.006 [main] INFO  [NO_CORRELATION] com.zaxxer.hikari.HikariDataSource - HikariPool-2 - Starting...
2026-05-08 15:10:53.029 [main] INFO  [NO_CORRELATION] com.zaxxer.hikari.pool.HikariPool - HikariPool-2 - Added connection org.postgresql.jdbc.PgConnection@3990c36c
2026-05-08 15:10:53.029 [main] INFO  [NO_CORRELATION] com.zaxxer.hikari.HikariDataSource - HikariPool-2 - Start completed.
2026-05-08 15:10:53.126 [main] INFO  [NO_CORRELATION] o.h.e.t.j.p.i.JtaPlatformInitiator - HHH000489: No JTA platform available (set 'hibernate.transaction.jta.platform' to enable JTA platform integration)
2026-05-08 15:10:53.154 [main] INFO  [NO_CORRELATION] o.s.o.j.LocalContainerEntityManagerFactoryBean - Initialized JPA EntityManagerFactory for persistence unit 'default'
2026-05-08 15:10:53.372 [main] WARN  [NO_CORRELATION] o.s.b.a.o.j.JpaBaseConfiguration$JpaWebConfiguration - spring.jpa.open-in-view is enabled by default. Therefore, database queries may be performed during view rendering. Explicitly configure spring.jpa.open-in-view to disable this warning
2026-05-08 15:10:53.388 [main] WARN  [NO_CORRELATION] o.s.b.a.s.s.UserDetailsServiceAutoConfiguration - 

Using generated security password: 3f01b4bc-4f33-4545-bb35-6011e551bdf7

This generated password is for development use only. Your security configuration must be updated before running your application in production.

2026-05-08 15:10:53.391 [main] INFO  [NO_CORRELATION] o.s.s.c.a.a.c.InitializeUserDetailsBeanManagerConfigurer$InitializeUserDetailsManagerConfigurer - Global AuthenticationManager configured with UserDetailsService bean with name inMemoryUserDetailsManager
2026-05-08 15:10:53.514 [main] INFO  [NO_CORRELATION] o.s.b.a.e.web.EndpointLinksResolver - Exposing 1 endpoint beneath base path '/actuator'
2026-05-08 15:10:53.531 [main] INFO  [NO_CORRELATION] o.s.s.web.DefaultSecurityFilterChain - Will secure any request with [org.springframework.security.web.session.DisableEncodeUrlFilter@153e2f2f, org.springframework.security.web.context.request.async.WebAsyncManagerIntegrationFilter@4457e347, org.springframework.security.web.context.SecurityContextHolderFilter@11b097a1, org.springframework.security.web.header.HeaderWriterFilter@2d7157b0, org.springframework.web.filter.CorsFilter@5f914d68, org.springframework.security.web.authentication.logout.LogoutFilter@1f05b63d, com.orionticket.events.infrastructure.adapters.in.rest.filter.CorrelationIdFilter@5fb65af5, com.orionticket.events.infrastructure.adapters.in.rest.filter.JwtAuthenticationFilter@12329d37, org.springframework.security.web.savedrequest.RequestCacheAwareFilter@7a6980d4, org.springframework.security.web.servletapi.SecurityContextHolderAwareRequestFilter@125c42e3, org.springframework.security.web.authentication.AnonymousAuthenticationFilter@177244f5, org.springframework.security.web.session.SessionManagementFilter@68e47ff9, org.springframework.security.web.access.ExceptionTranslationFilter@1946579d, org.springframework.security.web.access.intercept.AuthorizationFilter@1c49ae29]
2026-05-08 15:10:53.751 [main] INFO  [NO_CORRELATION] o.s.b.t.m.w.SpringBootMockServletContext - Initializing Spring TestDispatcherServlet ''
2026-05-08 15:10:53.751 [main] INFO  [NO_CORRELATION] o.s.t.w.s.TestDispatcherServlet - Initializing Servlet ''
2026-05-08 15:10:53.752 [main] INFO  [NO_CORRELATION] o.s.t.w.s.TestDispatcherServlet - Completed initialization in 1 ms
2026-05-08 15:10:53.769 [main] INFO  [NO_CORRELATION] c.o.e.i.EventManagementIntegrationTest - Started EventManagementIntegrationTest in 1.636 seconds (process running for 10.765)
Hibernate: 
    select
        eje1_0.event_id,
        eje1_0.category,
        eje1_0.created_at,
        eje1_0.description,
        eje1_0.name,
        eje1_0.organizer_id,
        eje1_0.rejection_reason,
        eje1_0.status 
    from
        events eje1_0
Hibernate: 
    select
        d1_0.event_id,
        d1_0.date_id,
        d1_0.capacity,
        d1_0.created_at,
        d1_0.scheduled_at,
        d1_0.venue_id 
    from
        event_dates d1_0 
    where
        d1_0.event_id=?
Hibernate: 
    delete 
    from
        events 
    where
        event_id=?
Hibernate: 
    select
        eje1_0.event_id,
        eje1_0.category,
        eje1_0.created_at,
        eje1_0.description,
        eje1_0.name,
        eje1_0.organizer_id,
        eje1_0.rejection_reason,
        eje1_0.status,
        d1_0.event_id,
        d1_0.date_id,
        d1_0.capacity,
        d1_0.created_at,
        d1_0.scheduled_at,
        d1_0.venue_id 
    from
        events eje1_0 
    left join
        event_dates d1_0 
            on eje1_0.event_id=d1_0.event_id 
    where
        eje1_0.event_id=?
Hibernate: 
    insert 
    into
        events
        (category, created_at, description, name, organizer_id, rejection_reason, status, event_id) 
    values
        (?, ?, ?, ?, ?, ?, ?, ?)
Hibernate: 
    select
        eje1_0.event_id,
        eje1_0.category,
        eje1_0.created_at,
        eje1_0.description,
        eje1_0.name,
        eje1_0.organizer_id,
        eje1_0.rejection_reason,
        eje1_0.status,
        d1_0.event_id,
        d1_0.date_id,
        d1_0.capacity,
        d1_0.created_at,
        d1_0.scheduled_at,
        d1_0.venue_id 
    from
        events eje1_0 
    left join
        event_dates d1_0 
            on eje1_0.event_id=d1_0.event_id 
    where
        eje1_0.event_id=?
Hibernate: 
    update
        events 
    set
        category=?,
        created_at=?,
        description=?,
        name=?,
        organizer_id=?,
        rejection_reason=?,
        status=? 
    where
        event_id=?
2026-05-08 15:10:54.063 [main] INFO  [6d1b5210-3ce7-49f4-9842-f4465c41295b] o.s.a.r.c.CachingConnectionFactory - Attempting to connect to: [localhost:5672]
2026-05-08 15:10:54.111 [main] INFO  [6d1b5210-3ce7-49f4-9842-f4465c41295b] o.s.a.r.c.CachingConnectionFactory - Created new connection: rabbitConnectionFactory#c2de6ec:0/SimpleConnection@517c2be7 [delegate=amqp://guest@127.0.0.1:5672/, localPort=57984]
2026-05-08 15:10:54.146 [main] INFO  [6d1b5210-3ce7-49f4-9842-f4465c41295b] c.o.e.i.a.o.m.RabbitMqEventPublisherAdapter - Published EventReleased for eventEntityId: 984532a3-562f-40e9-bc1a-3bdd24a58c60
2026-05-08 15:10:54.147 [main] INFO  [6d1b5210-3ce7-49f4-9842-f4465c41295b] c.o.e.i.a.o.a.Slf4jAuditLogAdapter - AUDIT_LOG | Actor: 00000000-0000-0000-0000-000000000009 | Action: APPROVE_EVENT | Entity: Event | ID: 984532a3-562f-40e9-bc1a-3bdd24a58c60 | Details: Event approved by platform operator.
]]></system-out>
  </testcase>
  <testcase name="shouldSubmitEventForReview" classname="com.orionticket.events.infrastructure.EventManagementIntegrationTest" time="0.063">
    <system-out><![CDATA[Hibernate: 
    select
        eje1_0.event_id,
        eje1_0.category,
        eje1_0.created_at,
        eje1_0.description,
        eje1_0.name,
        eje1_0.organizer_id,
        eje1_0.rejection_reason,
        eje1_0.status 
    from
        events eje1_0
Hibernate: 
    select
        d1_0.event_id,
        d1_0.date_id,
        d1_0.capacity,
        d1_0.created_at,
        d1_0.scheduled_at,
        d1_0.venue_id 
    from
        event_dates d1_0 
    where
        d1_0.event_id=?
Hibernate: 
    delete 
    from
        events 
    where
        event_id=?
Hibernate: 
    select
        eje1_0.event_id,
        eje1_0.category,
        eje1_0.created_at,
        eje1_0.description,
        eje1_0.name,
        eje1_0.organizer_id,
        eje1_0.rejection_reason,
        eje1_0.status,
        d1_0.event_id,
        d1_0.date_id,
        d1_0.capacity,
        d1_0.created_at,
        d1_0.scheduled_at,
        d1_0.venue_id 
    from
        events eje1_0 
    left join
        event_dates d1_0 
            on eje1_0.event_id=d1_0.event_id 
    where
        eje1_0.event_id=?
Hibernate: 
    select
        edje1_0.date_id,
        edje1_0.capacity,
        edje1_0.created_at,
        edje1_0.event_id,
        edje1_0.scheduled_at,
        edje1_0.venue_id 
    from
        event_dates edje1_0 
    where
        edje1_0.date_id=?
Hibernate: 
    insert 
    into
        events
        (category, created_at, description, name, organizer_id, rejection_reason, status, event_id) 
    values
        (?, ?, ?, ?, ?, ?, ?, ?)
Hibernate: 
    insert 
    into
        event_dates
        (capacity, created_at, event_id, scheduled_at, venue_id, date_id) 
    values
        (?, ?, ?, ?, ?, ?)
Hibernate: 
    select
        eje1_0.event_id,
        eje1_0.category,
        eje1_0.created_at,
        eje1_0.description,
        eje1_0.name,
        eje1_0.organizer_id,
        eje1_0.rejection_reason,
        eje1_0.status,
        d1_0.event_id,
        d1_0.date_id,
        d1_0.capacity,
        d1_0.created_at,
        d1_0.scheduled_at,
        d1_0.venue_id 
    from
        events eje1_0 
    left join
        event_dates d1_0 
            on eje1_0.event_id=d1_0.event_id 
    where
        eje1_0.event_id=?
Hibernate: 
    update
        events 
    set
        category=?,
        created_at=?,
        description=?,
        name=?,
        organizer_id=?,
        rejection_reason=?,
        status=? 
    where
        event_id=?
2026-05-08 15:10:54.274 [main] INFO  [fd8c7267-9951-4178-a2e4-c67c1fc89b1e] c.o.e.i.a.o.m.RabbitMqEventPublisherAdapter - Published EventSubmittedForReview for eventEntityId: 9e03bd28-cfe6-4a08-b01e-6d1f92b6375a
]]></system-out>
  </testcase>
  <testcase name="shouldCancelEvent" classname="com.orionticket.events.infrastructure.EventManagementIntegrationTest" time="0.081">
    <system-out><![CDATA[Hibernate: 
    select
        eje1_0.event_id,
        eje1_0.category,
        eje1_0.created_at,
        eje1_0.description,
        eje1_0.name,
        eje1_0.organizer_id,
        eje1_0.rejection_reason,
        eje1_0.status 
    from
        events eje1_0
Hibernate: 
    select
        d1_0.event_id,
        d1_0.date_id,
        d1_0.capacity,
        d1_0.created_at,
        d1_0.scheduled_at,
        d1_0.venue_id 
    from
        event_dates d1_0 
    where
        d1_0.event_id=?
Hibernate: 
    delete 
    from
        event_dates 
    where
        date_id=?
Hibernate: 
    delete 
    from
        events 
    where
        event_id=?
Hibernate: 
    select
        eje1_0.event_id,
        eje1_0.category,
        eje1_0.created_at,
        eje1_0.description,
        eje1_0.name,
        eje1_0.organizer_id,
        eje1_0.rejection_reason,
        eje1_0.status,
        d1_0.event_id,
        d1_0.date_id,
        d1_0.capacity,
        d1_0.created_at,
        d1_0.scheduled_at,
        d1_0.venue_id 
    from
        events eje1_0 
    left join
        event_dates d1_0 
            on eje1_0.event_id=d1_0.event_id 
    where
        eje1_0.event_id=?
Hibernate: 
    insert 
    into
        events
        (category, created_at, description, name, organizer_id, rejection_reason, status, event_id) 
    values
        (?, ?, ?, ?, ?, ?, ?, ?)
Hibernate: 
    select
        eje1_0.event_id,
        eje1_0.category,
        eje1_0.created_at,
        eje1_0.description,
        eje1_0.name,
        eje1_0.organizer_id,
        eje1_0.rejection_reason,
        eje1_0.status,
        d1_0.event_id,
        d1_0.date_id,
        d1_0.capacity,
        d1_0.created_at,
        d1_0.scheduled_at,
        d1_0.venue_id 
    from
        events eje1_0 
    left join
        event_dates d1_0 
            on eje1_0.event_id=d1_0.event_id 
    where
        eje1_0.event_id=?
Hibernate: 
    update
        events 
    set
        category=?,
        created_at=?,
        description=?,
        name=?,
        organizer_id=?,
        rejection_reason=?,
        status=? 
    where
        event_id=?
2026-05-08 15:10:54.360 [main] INFO  [a5f5d11a-9d0b-4b04-9988-3a7cad182660] c.o.e.i.a.o.m.RabbitMqEventPublisherAdapter - Published EventCanceled for eventEntityId: 0ba45073-7119-4f09-9920-b61b147aa640, canceledBy: 00000000-0000-0000-0000-000000000002
2026-05-08 15:10:54.360 [main] INFO  [a5f5d11a-9d0b-4b04-9988-3a7cad182660] c.o.e.i.a.o.a.Slf4jAuditLogAdapter - AUDIT_LOG | Actor: 00000000-0000-0000-0000-000000000002 | Action: CANCEL_EVENT | Entity: Event | ID: 0ba45073-7119-4f09-9920-b61b147aa640 | Details: Reason: Fuerza mayor — condiciones meteorológicas adversas
]]></system-out>
  </testcase>
  <testcase name="shouldReturn400WhenCancelEventWithoutReason" classname="com.orionticket.events.infrastructure.EventManagementIntegrationTest" time="0.028">
    <system-out><![CDATA[Hibernate: 
    select
        eje1_0.event_id,
        eje1_0.category,
        eje1_0.created_at,
        eje1_0.description,
        eje1_0.name,
        eje1_0.organizer_id,
        eje1_0.rejection_reason,
        eje1_0.status 
    from
        events eje1_0
Hibernate: 
    select
        d1_0.event_id,
        d1_0.date_id,
        d1_0.capacity,
        d1_0.created_at,
        d1_0.scheduled_at,
        d1_0.venue_id 
    from
        event_dates d1_0 
    where
        d1_0.event_id=?
Hibernate: 
    delete 
    from
        events 
    where
        event_id=?
Hibernate: 
    select
        eje1_0.event_id,
        eje1_0.category,
        eje1_0.created_at,
        eje1_0.description,
        eje1_0.name,
        eje1_0.organizer_id,
        eje1_0.rejection_reason,
        eje1_0.status,
        d1_0.event_id,
        d1_0.date_id,
        d1_0.capacity,
        d1_0.created_at,
        d1_0.scheduled_at,
        d1_0.venue_id 
    from
        events eje1_0 
    left join
        event_dates d1_0 
            on eje1_0.event_id=d1_0.event_id 
    where
        eje1_0.event_id=?
Hibernate: 
    insert 
    into
        events
        (category, created_at, description, name, organizer_id, rejection_reason, status, event_id) 
    values
        (?, ?, ?, ?, ?, ?, ?, ?)
]]></system-out>
  </testcase>
  <testcase name="shouldAddDateToEvent" classname="com.orionticket.events.infrastructure.EventManagementIntegrationTest" time="0.046">
    <system-out><![CDATA[Hibernate: 
    select
        eje1_0.event_id,
        eje1_0.category,
        eje1_0.created_at,
        eje1_0.description,
        eje1_0.name,
        eje1_0.organizer_id,
        eje1_0.rejection_reason,
        eje1_0.status 
    from
        events eje1_0
Hibernate: 
    select
        d1_0.event_id,
        d1_0.date_id,
        d1_0.capacity,
        d1_0.created_at,
        d1_0.scheduled_at,
        d1_0.venue_id 
    from
        event_dates d1_0 
    where
        d1_0.event_id=?
Hibernate: 
    delete 
    from
        events 
    where
        event_id=?
Hibernate: 
    select
        eje1_0.event_id,
        eje1_0.category,
        eje1_0.created_at,
        eje1_0.description,
        eje1_0.name,
        eje1_0.organizer_id,
        eje1_0.rejection_reason,
        eje1_0.status,
        d1_0.event_id,
        d1_0.date_id,
        d1_0.capacity,
        d1_0.created_at,
        d1_0.scheduled_at,
        d1_0.venue_id 
    from
        events eje1_0 
    left join
        event_dates d1_0 
            on eje1_0.event_id=d1_0.event_id 
    where
        eje1_0.event_id=?
Hibernate: 
    insert 
    into
        events
        (category, created_at, description, name, organizer_id, rejection_reason, status, event_id) 
    values
        (?, ?, ?, ?, ?, ?, ?, ?)
Hibernate: 
    select
        eje1_0.event_id,
        eje1_0.category,
        eje1_0.created_at,
        eje1_0.description,
        eje1_0.name,
        eje1_0.organizer_id,
        eje1_0.rejection_reason,
        eje1_0.status,
        d1_0.event_id,
        d1_0.date_id,
        d1_0.capacity,
        d1_0.created_at,
        d1_0.scheduled_at,
        d1_0.venue_id 
    from
        events eje1_0 
    left join
        event_dates d1_0 
            on eje1_0.event_id=d1_0.event_id 
    where
        eje1_0.event_id=?
Hibernate: 
    select
        edje1_0.date_id,
        edje1_0.capacity,
        edje1_0.created_at,
        edje1_0.event_id,
        edje1_0.scheduled_at,
        edje1_0.venue_id 
    from
        event_dates edje1_0 
    where
        edje1_0.date_id=?
Hibernate: 
    insert 
    into
        event_dates
        (capacity, created_at, event_id, scheduled_at, venue_id, date_id) 
    values
        (?, ?, ?, ?, ?, ?)
2026-05-08 15:10:54.436 [main] INFO  [38f382dd-1a8c-45cf-8057-cbcb88f5a289] c.o.e.i.a.o.m.RabbitMqEventPublisherAdapter - Published DateAdded for eventEntityId: f50bedcd-33ed-4fe9-ae29-4265d21c6146, dateId: 93bf7b0d-0b3d-4f19-9c11-6572b449d9b0
]]></system-out>
  </testcase>
  <testcase name="shouldCreateEvent" classname="com.orionticket.events.infrastructure.EventManagementIntegrationTest" time="0.03">
    <system-out><![CDATA[Hibernate: 
    select
        eje1_0.event_id,
        eje1_0.category,
        eje1_0.created_at,
        eje1_0.description,
        eje1_0.name,
        eje1_0.organizer_id,
        eje1_0.rejection_reason,
        eje1_0.status 
    from
        events eje1_0
Hibernate: 
    select
        d1_0.event_id,
        d1_0.date_id,
        d1_0.capacity,
        d1_0.created_at,
        d1_0.scheduled_at,
        d1_0.venue_id 
    from
        event_dates d1_0 
    where
        d1_0.event_id=?
Hibernate: 
    delete 
    from
        event_dates 
    where
        date_id=?
Hibernate: 
    delete 
    from
        events 
    where
        event_id=?
Hibernate: 
    select
        eje1_0.event_id,
        eje1_0.category,
        eje1_0.created_at,
        eje1_0.description,
        eje1_0.name,
        eje1_0.organizer_id,
        eje1_0.rejection_reason,
        eje1_0.status,
        d1_0.event_id,
        d1_0.date_id,
        d1_0.capacity,
        d1_0.created_at,
        d1_0.scheduled_at,
        d1_0.venue_id 
    from
        events eje1_0 
    left join
        event_dates d1_0 
            on eje1_0.event_id=d1_0.event_id 
    where
        eje1_0.event_id=?
Hibernate: 
    insert 
    into
        events
        (category, created_at, description, name, organizer_id, rejection_reason, status, event_id) 
    values
        (?, ?, ?, ?, ?, ?, ?, ?)
2026-05-08 15:10:54.466 [main] INFO  [f83a7113-77fd-41ea-ba27-c58cba985a86] c.o.e.i.a.o.m.RabbitMqEventPublisherAdapter - Published EventCreated for eventEntityId: ab7ae9e8-d11d-4d5e-8b5e-fc2007a00931
]]></system-out>
  </testcase>
  <testcase name="shouldCreateVenue" classname="com.orionticket.events.infrastructure.EventManagementIntegrationTest" time="0.03">
    <system-out><![CDATA[Hibernate: 
    select
        eje1_0.event_id,
        eje1_0.category,
        eje1_0.created_at,
        eje1_0.description,
        eje1_0.name,
        eje1_0.organizer_id,
        eje1_0.rejection_reason,
        eje1_0.status 
    from
        events eje1_0
Hibernate: 
    select
        d1_0.event_id,
        d1_0.date_id,
        d1_0.capacity,
        d1_0.created_at,
        d1_0.scheduled_at,
        d1_0.venue_id 
    from
        event_dates d1_0 
    where
        d1_0.event_id=?
Hibernate: 
    delete 
    from
        events 
    where
        event_id=?
Hibernate: 
    select
        vje1_0.venue_id,
        vje1_0.address,
        vje1_0.capacity,
        vje1_0.created_at,
        vje1_0.name,
        vje1_0.organizer_id 
    from
        venues vje1_0 
    where
        vje1_0.venue_id=?
Hibernate: 
    insert 
    into
        venues
        (address, capacity, created_at, name, organizer_id, venue_id) 
    values
        (?, ?, ?, ?, ?, ?)
2026-05-08 15:10:54.497 [main] INFO  [d013ba4c-07c8-498a-a6bb-944348f644b0] c.o.e.i.a.o.m.RabbitMqEventPublisherAdapter - Published VenueCreated for venueId: 9595e610-e79e-4072-bbb9-a5a86971c009
]]></system-out>
  </testcase>
  <testcase name="shouldRejectEvent" classname="com.orionticket.events.infrastructure.EventManagementIntegrationTest" time="0.032">
    <system-out><![CDATA[Hibernate: 
    select
        eje1_0.event_id,
        eje1_0.category,
        eje1_0.created_at,
        eje1_0.description,
        eje1_0.name,
        eje1_0.organizer_id,
        eje1_0.rejection_reason,
        eje1_0.status 
    from
        events eje1_0
Hibernate: 
    select
        eje1_0.event_id,
        eje1_0.category,
        eje1_0.created_at,
        eje1_0.description,
        eje1_0.name,
        eje1_0.organizer_id,
        eje1_0.rejection_reason,
        eje1_0.status,
        d1_0.event_id,
        d1_0.date_id,
        d1_0.capacity,
        d1_0.created_at,
        d1_0.scheduled_at,
        d1_0.venue_id 
    from
        events eje1_0 
    left join
        event_dates d1_0 
            on eje1_0.event_id=d1_0.event_id 
    where
        eje1_0.event_id=?
Hibernate: 
    insert 
    into
        events
        (category, created_at, description, name, organizer_id, rejection_reason, status, event_id) 
    values
        (?, ?, ?, ?, ?, ?, ?, ?)
Hibernate: 
    select
        eje1_0.event_id,
        eje1_0.category,
        eje1_0.created_at,
        eje1_0.description,
        eje1_0.name,
        eje1_0.organizer_id,
        eje1_0.rejection_reason,
        eje1_0.status,
        d1_0.event_id,
        d1_0.date_id,
        d1_0.capacity,
        d1_0.created_at,
        d1_0.scheduled_at,
        d1_0.venue_id 
    from
        events eje1_0 
    left join
        event_dates d1_0 
            on eje1_0.event_id=d1_0.event_id 
    where
        eje1_0.event_id=?
Hibernate: 
    update
        events 
    set
        category=?,
        created_at=?,
        description=?,
        name=?,
        organizer_id=?,
        rejection_reason=?,
        status=? 
    where
        event_id=?
2026-05-08 15:10:54.531 [main] INFO  [83f53150-9c08-4c58-bcc7-d64faa9efe61] c.o.e.i.a.o.m.RabbitMqEventPublisherAdapter - Published EventRejected for eventEntityId: aabe3a25-bcbb-4ffd-88b8-ddf988e6381b, reason: Faltan detalles de seguridad
2026-05-08 15:10:54.531 [main] INFO  [83f53150-9c08-4c58-bcc7-d64faa9efe61] c.o.e.i.a.o.a.Slf4jAuditLogAdapter - AUDIT_LOG | Actor: 00000000-0000-0000-0000-000000000009 | Action: REJECT_EVENT | Entity: Event | ID: aabe3a25-bcbb-4ffd-88b8-ddf988e6381b | Details: Reason: Faltan detalles de seguridad
]]></system-out>
  </testcase>
</testsuite>